#
# There is insufficient memory for the Java Runtime Environment to continue.
# Native memory allocation (malloc) failed to allocate 2040 bytes for AllocateHeap
# Possible reasons:
#   The system is out of physical RAM or swap space
#   The process is running with CompressedOops enabled, and the Java Heap may be blocking the growth of the native heap
# Possible solutions:
#   Reduce memory load on the system
#   Increase physical memory or swap space
#   Check if swap backing store is full
#   Decrease Java heap size (-Xmx/-Xms)
#   Decrease number of Java threads
#   Decrease Java thread stack sizes (-Xss)
#   Set larger code cache with -XX:ReservedCodeCacheSize=
#   JVM is running with Zero Based Compressed Oops mode in which the Java heap is
#     placed in the first 32GB address space. The Java Heap base address is the
#     maximum limit for the native heap growth. Please use -XX:HeapBaseMinAddress
#     to set the Java Heap base and to place the Java Heap above 32GB virtual address.
# This output file may be truncated or incomplete.
#
#  Out of Memory Error (memory/allocation.inline.hpp:61), pid=10828, tid=0x00000000000032d0
#
# JRE version: OpenJDK Runtime Environment (8.0_362-b08) (build 1.8.0_362-b08)
# Java VM: OpenJDK 64-Bit Server VM (25.362-b08 mixed mode windows-amd64 compressed oops)
# Failed to write core dump. Minidumps are not enabled by default on client versions of Windows
#

---------------  T H R E A D  ---------------

Current thread (0x00000205e9f98000):  JavaThread "Worker-1" [_thread_in_Java, id=13008, stack(0x0000001d86000000,0x0000001d86100000)]

Stack: [0x0000001d86000000,0x0000001d86100000]
[error occurred during error reporting (printing stack bounds), id 0xe0000000]

Native frames: (J=compiled Java code, j=interpreted, Vv=VM code, C=native code)

Java frames: (J=compiled Java code, j=interpreted, Vv=VM code)
v  blob 0x00000205c5075502
J 345 C2 sun.nio.cs.StreamEncoder.writeBytes()V (132 bytes) @ 0x00000205c52055fc [0x00000205c5204ca0+0x95c]
J 398 C2 java.io.PrintStream.write(Ljava/lang/String;)V (83 bytes) @ 0x00000205c52485a4 [0x00000205c5248320+0x284]
J 406 C1 java.lang.Throwable$WrappedPrintStream.println(Ljava/lang/Object;)V (9 bytes) @ 0x00000205c52474dc [0x00000205c5247140+0x39c]
j  java.lang.Throwable.printStackTrace(Ljava/lang/Throwable$PrintStreamOrWriter;)V+28
J 220 C1 com.mikkku.scanner.DuplicateFileScanner$ScanThread$1.operate(Ljava/io/File;)V (259 bytes) @ 0x00000205c51b2c4c [0x00000205c51b0140+0x2b0c]
J 394 C1 com.mikkku.scanner.FileScanner.recursionScanFiles(Ljava/io/File;)V (60 bytes) @ 0x00000205c523b09c [0x00000205c523adc0+0x2dc]
J 394 C1 com.mikkku.scanner.FileScanner.recursionScanFiles(Ljava/io/File;)V (60 bytes) @ 0x00000205c523af34 [0x00000205c523adc0+0x174]
J 174 C1 com.mikkku.scanner.FileScanner.recursionScanFiles(Ljava/io/File;)V (60 bytes) @ 0x00000205c5192494 [0x00000205c5192300+0x194]
j  com.mikkku.scanner.FileScanner.recursionScanFiles(Ljava/io/File;)V+42
j  com.mikkku.scanner.FileScanner.recursionScanFiles(Ljava/io/File;)V+42
j  com.mikkku.scanner.FileScanner.recursionScanFiles(Ljava/io/File;)V+42
j  com.mikkku.scanner.FileScanner.scanFiles(Ljava/io/File;)V+22
j  com.mikkku.scanner.DuplicateFileScanner$ScanThread.run()V+12
j  java.util.concurrent.ThreadPoolExecutor.runWorker(Ljava/util/concurrent/ThreadPoolExecutor$Worker;)V+95
j  java.util.concurrent.ThreadPoolExecutor$Worker.run()V+5
j  java.lang.Thread.run()V+11
v  ~StubRoutines::call_stub

---------------  P R O C E S S  ---------------

Java Threads: ( => current thread )
  0x00000205e9fc3800 JavaThread "Worker-11" [_thread_blocked, id=2024, stack(0x0000001d86a00000,0x0000001d86b00000)]
  0x00000205e9fc8800 JavaThread "Worker-10" [_thread_blocked, id=12848, stack(0x0000001d86900000,0x0000001d86a00000)]
  0x00000205e9fc3000 JavaThread "Worker-9" [_thread_blocked, id=12844, stack(0x0000001d86800000,0x0000001d86900000)]
  0x00000205e9fbe800 JavaThread "Worker-8" [_thread_blocked, id=12624, stack(0x0000001d86700000,0x0000001d86800000)]
  0x00000205e9fba800 JavaThread "Worker-7" [_thread_blocked, id=4476, stack(0x0000001d86600000,0x0000001d86700000)]
  0x00000205e9fb9000 JavaThread "Worker-6" [_thread_blocked, id=3000, stack(0x0000001d86500000,0x0000001d86600000)]
  0x00000205e9fb8000 JavaThread "Worker-5" [_thread_blocked, id=11952, stack(0x0000001d86400000,0x0000001d86500000)]
  0x00000205e9fb7000 JavaThread "Worker-4" [_thread_blocked, id=12360, stack(0x0000001d86300000,0x0000001d86400000)]
  0x00000205e9f80800 JavaThread "Worker-3" [_thread_blocked, id=6148, stack(0x0000001d86200000,0x0000001d86300000)]
  0x00000205e9f99000 JavaThread "Worker-2" [_thread_in_native, id=9148, stack(0x0000001d86100000,0x0000001d86200000)]
=>0x00000205e9f98000 JavaThread "Worker-1" [_thread_in_Java, id=13008, stack(0x0000001d86000000,0x0000001d86100000)]
  0x00000205e9f97000 JavaThread "Worker-0" [_thread_in_native, id=4792, stack(0x0000001d85f00000,0x0000001d86000000)]
  0x00000205e9ecf800 JavaThread "Service Thread" daemon [_thread_blocked, id=1240, stack(0x0000001d85d00000,0x0000001d85e00000)]
  0x00000205e9e28800 JavaThread "C1 CompilerThread3" daemon [_thread_blocked, id=1124, stack(0x0000001d85c00000,0x0000001d85d00000)]
  0x00000205e9e28000 JavaThread "C2 CompilerThread2" daemon [_thread_blocked, id=3868, stack(0x0000001d85b00000,0x0000001d85c00000)]
  0x00000205e9e25000 JavaThread "C2 CompilerThread1" daemon [_thread_blocked, id=9968, stack(0x0000001d85a00000,0x0000001d85b00000)]
  0x00000205e9e1f000 JavaThread "C2 CompilerThread0" daemon [_thread_blocked, id=5144, stack(0x0000001d85900000,0x0000001d85a00000)]
  0x00000205e9e19800 JavaThread "Monitor Ctrl-Break" daemon [_thread_in_native, id=6564, stack(0x0000001d85800000,0x0000001d85900000)]
  0x00000205e7a35000 JavaThread "Attach Listener" daemon [_thread_blocked, id=1868, stack(0x0000001d85700000,0x0000001d85800000)]
  0x00000205e7a47000 JavaThread "Signal Dispatcher" daemon [_thread_blocked, id=9352, stack(0x0000001d85600000,0x0000001d85700000)]
  0x00000205e79f7000 JavaThread "Finalizer" daemon [_thread_blocked, id=6724, stack(0x0000001d85500000,0x0000001d85600000)]
  0x00000205e79f0000 JavaThread "Reference Handler" daemon [_thread_blocked, id=7928, stack(0x0000001d85400000,0x0000001d85500000)]
  0x00000205c31fb800 JavaThread "main" [_thread_blocked, id=12712, stack(0x0000001d84800000,0x0000001d84900000)]

Other Threads:
  0x00000205e79c9000 VMThread [stack: 0x0000001d85300000,0x0000001d85400000] [id=5336]
  0x00000205e9e68000 WatcherThread [stack: 0x0000001d85e00000,0x0000001d85f00000] [id=5832]

VM state:not at safepoint (normal execution)

VM Mutex/Monitor currently owned by a thread: None

heap address: 0x00000005c0000000, size: 8192 MB, Compressed Oops mode: Zero based, Oop shift amount: 3
Narrow klass base: 0x0000000000000000, Narrow klass shift: 3
Compressed class space size: 1073741824 Address: 0x00000007c0000000

Heap:
 PSYoungGen      total 2727424K, used 921557K [0x0000000715580000, 0x00000007c0000000, 0x00000007c0000000)
  eden space 2680832K, 32% used [0x0000000715580000,0x000000074ac39f28,0x00000007b8f80000)
  from space 46592K, 99% used [0x00000007b8f80000,0x00000007bbcbb570,0x00000007bbd00000)
  to   space 62464K, 0% used [0x00000007bc300000,0x00000007bc300000,0x00000007c0000000)
 ParOldGen       total 5592576K, used 3190184K [0x00000005c0000000, 0x0000000715580000, 0x0000000715580000)
  object space 5592576K, 57% used [0x00000005c0000000,0x0000000682b6a1b8,0x0000000715580000)
 Metaspace       used 4494K, capacity 4704K, committed 4992K, reserved 1056768K
  class space    used 482K, capacity 528K, committed 640K, reserved 1048576K

Card table byte_map: [0x00000205d43f0000,0x00000205d5400000] byte_map_base: 0x00000205d15f0000

Marking Bits: (ParMarkBitMap*) 0x000000006cf06830
 Begin Bits: [0x00000205d5eb0000, 0x00000205ddeb0000)
 End Bits:   [0x00000205ddeb0000, 0x00000205e5eb0000)

Polling page: 0x00000205c34b0000

CodeCache: size=245760Kb used=2144Kb max_used=2144Kb free=243615Kb
 bounds [0x00000205c5030000, 0x00000205c52a0000, 0x00000205d4030000]
 total_blobs=687 nmethods=410 adapters=190
 compilation: enabled

Compilation events (10 events):
Event: 142.452 Thread 0x00000205e9e25000 nmethod 405 0x00000205c5246690 code [0x00000205c52467e0, 0x00000205c52468d8]
Event: 142.454 Thread 0x00000205e9e1f000 nmethod 404 0x00000205c5247a10 code [0x00000205c5247b60, 0x00000205c5247ed8]
Event: 142.454 Thread 0x00000205e9e28800  406       3       java.lang.Throwable$WrappedPrintStream::println (9 bytes)
Event: 142.455 Thread 0x00000205e9e28800 nmethod 406 0x00000205c5246f90 code [0x00000205c5247140, 0x00000205c5247750]
Event: 142.455 Thread 0x00000205e9e28800  407   !   3       java.io.PrintStream::println (31 bytes)
Event: 142.455 Thread 0x00000205e9e28800 nmethod 407 0x00000205c5241d50 code [0x00000205c5241f00, 0x00000205c5242490]
Event: 142.456 Thread 0x00000205e9e28800  409       3       java.lang.StackTraceElement::toString (140 bytes)
Event: 142.457 Thread 0x00000205e9e28800 nmethod 409 0x00000205c5249bd0 code [0x00000205c5249f00, 0x00000205c524bb90]
Event: 142.457 Thread 0x00000205e9e28800  410       3       java.lang.StackTraceElement::isNativeMethod (15 bytes)
Event: 142.457 Thread 0x00000205e9e28800 nmethod 410 0x00000205c52419d0 code [0x00000205c5241b20, 0x00000205c5241cd8]

GC Heap History (10 events):
Event: 126.400 GC heap before
{Heap before GC invocations=67 (full 24):
 PSYoungGen      total 2740224K, used 2731022K [0x0000000715580000, 0x00000007c0000000, 0x00000007c0000000)
  eden space 2692608K, 99% used [0x0000000715580000,0x00000007b9275f50,0x00000007b9b00000)
  from space 47616K, 99% used [0x00000007b9b00000,0x00000007bc90d980,0x00000007bc980000)
  to   space 55808K, 0% used [0x00000007bc980000,0x00000007bc980000,0x00000007c0000000)
 ParOldGen       total 5592576K, used 2807241K [0x00000005c0000000, 0x0000000715580000, 0x0000000715580000)
  object space 5592576K, 50% used [0x00000005c0000000,0x000000066b572470,0x0000000715580000)
 Metaspace       used 4467K, capacity 4704K, committed 4992K, reserved 1056768K
  class space    used 480K, capacity 528K, committed 640K, reserved 1048576K
Event: 126.442 GC heap after
Heap after GC invocations=67 (full 24):
 PSYoungGen      total 2737152K, used 29861K [0x0000000715580000, 0x00000007c0000000, 0x00000007c0000000)
  eden space 2681344K, 0% used [0x0000000715580000,0x0000000715580000,0x00000007b9000000)
  from space 55808K, 53% used [0x00000007bc980000,0x00000007be6a96c0,0x00000007c0000000)
  to   space 57344K, 0% used [0x00000007b9000000,0x00000007b9000000,0x00000007bc800000)
 ParOldGen       total 5592576K, used 3067923K [0x00000005c0000000, 0x0000000715580000, 0x0000000715580000)
  object space 5592576K, 54% used [0x00000005c0000000,0x000000067b404c60,0x0000000715580000)
 Metaspace       used 4467K, capacity 4704K, committed 4992K, reserved 1056768K
  class space    used 480K, capacity 528K, committed 640K, reserved 1048576K
}
Event: 129.963 GC heap before
{Heap before GC invocations=68 (full 24):
 PSYoungGen      total 2737152K, used 2616585K [0x0000000715580000, 0x00000007c0000000, 0x00000007c0000000)
  eden space 2681344K, 96% used [0x0000000715580000,0x00000007b3398f30,0x00000007b9000000)
  from space 55808K, 53% used [0x00000007bc980000,0x00000007be6a96c0,0x00000007c0000000)
  to   space 57344K, 0% used [0x00000007b9000000,0x00000007b9000000,0x00000007bc800000)
 ParOldGen       total 5592576K, used 3067923K [0x00000005c0000000, 0x0000000715580000, 0x0000000715580000)
  object space 5592576K, 54% used [0x00000005c0000000,0x000000067b404c60,0x0000000715580000)
 Metaspace       used 4467K, capacity 4704K, committed 4992K, reserved 1056768K
  class space    used 480K, capacity 528K, committed 640K, reserved 1048576K
Event: 130.200 GC heap after
Heap after GC invocations=68 (full 24):
 PSYoungGen      total 2683392K, used 1856K [0x0000000715580000, 0x00000007c0000000, 0x00000007c0000000)
  eden space 2681344K, 0% used [0x0000000715580000,0x0000000715580000,0x00000007b9000000)
  from space 2048K, 90% used [0x00000007b9000000,0x00000007b91d0000,0x00000007b9200000)
  to   space 57856K, 0% used [0x00000007bc780000,0x00000007bc780000,0x00000007c0000000)
 ParOldGen       total 5592576K, used 4721270K [0x00000005c0000000, 0x0000000715580000, 0x0000000715580000)
  object space 5592576K, 84% used [0x00000005c0000000,0x00000006e029d8c8,0x0000000715580000)
 Metaspace       used 4467K, capacity 4704K, committed 4992K, reserved 1056768K
  class space    used 480K, capacity 528K, committed 640K, reserved 1048576K
}
Event: 130.200 GC heap before
{Heap before GC invocations=69 (full 25):
 PSYoungGen      total 2683392K, used 1856K [0x0000000715580000, 0x00000007c0000000, 0x00000007c0000000)
  eden space 2681344K, 0% used [0x0000000715580000,0x0000000715580000,0x00000007b9000000)
  from space 2048K, 90% used [0x00000007b9000000,0x00000007b91d0000,0x00000007b9200000)
  to   space 57856K, 0% used [0x00000007bc780000,0x00000007bc780000,0x00000007c0000000)
 ParOldGen       total 5592576K, used 4721270K [0x00000005c0000000, 0x0000000715580000, 0x0000000715580000)
  object space 5592576K, 84% used [0x00000005c0000000,0x00000006e029d8c8,0x0000000715580000)
 Metaspace       used 4467K, capacity 4704K, committed 4992K, reserved 1056768K
  class space    used 480K, capacity 528K, committed 640K, reserved 1048576K
Event: 130.369 GC heap after
Heap after GC invocations=69 (full 25):
 PSYoungGen      total 2683392K, used 0K [0x0000000715580000, 0x00000007c0000000, 0x00000007c0000000)
  eden space 2681344K, 0% used [0x0000000715580000,0x0000000715580000,0x00000007b9000000)
  from space 2048K, 0% used [0x00000007b9000000,0x00000007b9000000,0x00000007b9200000)
  to   space 57856K, 0% used [0x00000007bc780000,0x00000007bc780000,0x00000007c0000000)
 ParOldGen       total 5592576K, used 1578918K [0x00000005c0000000, 0x0000000715580000, 0x0000000715580000)
  object space 5592576K, 28% used [0x00000005c0000000,0x00000006205e99a8,0x0000000715580000)
 Metaspace       used 4467K, capacity 4704K, committed 4992K, reserved 1056768K
  class space    used 480K, capacity 528K, committed 640K, reserved 1048576K
}
Event: 135.749 GC heap before
{Heap before GC invocations=70 (full 25):
 PSYoungGen      total 2683392K, used 2646168K [0x0000000715580000, 0x00000007c0000000, 0x00000007c0000000)
  eden space 2681344K, 98% used [0x0000000715580000,0x00000007b6da6240,0x00000007b9000000)
  from space 2048K, 0% used [0x00000007b9000000,0x00000007b9000000,0x00000007b9200000)
  to   space 57856K, 0% used [0x00000007bc780000,0x00000007bc780000,0x00000007c0000000)
 ParOldGen       total 5592576K, used 1578918K [0x00000005c0000000, 0x0000000715580000, 0x0000000715580000)
  object space 5592576K, 28% used [0x00000005c0000000,0x00000006205e99a8,0x0000000715580000)
 Metaspace       used 4467K, capacity 4704K, committed 4992K, reserved 1056768K
  class space    used 480K, capacity 528K, committed 640K, reserved 1048576K
Event: 135.920 GC heap after
Heap after GC invocations=70 (full 25):
 PSYoungGen      total 2738688K, used 30086K [0x0000000715580000, 0x00000007c0000000, 0x00000007c0000000)
  eden space 2680832K, 0% used [0x0000000715580000,0x0000000715580000,0x00000007b8f80000)
  from space 57856K, 52% used [0x00000007bc780000,0x00000007be4e1a58,0x00000007c0000000)
  to   space 57344K, 0% used [0x00000007b8f80000,0x00000007b8f80000,0x00000007bc780000)
 ParOldGen       total 5592576K, used 3190184K [0x00000005c0000000, 0x0000000715580000, 0x0000000715580000)
  object space 5592576K, 57% used [0x00000005c0000000,0x0000000682b6a1b8,0x0000000715580000)
 Metaspace       used 4467K, capacity 4704K, committed 4992K, reserved 1056768K
  class space    used 480K, capacity 528K, committed 640K, reserved 1048576K
}
Event: 140.752 GC heap before
{Heap before GC invocations=71 (full 25):
 PSYoungGen      total 2738688K, used 2709268K [0x0000000715580000, 0x00000007c0000000, 0x00000007c0000000)
  eden space 2680832K, 99% used [0x0000000715580000,0x00000007b8de3730,0x00000007b8f80000)
  from space 57856K, 52% used [0x00000007bc780000,0x00000007be4e1a58,0x00000007c0000000)
  to   space 57344K, 0% used [0x00000007b8f80000,0x00000007b8f80000,0x00000007bc780000)
 ParOldGen       total 5592576K, used 3190184K [0x00000005c0000000, 0x0000000715580000, 0x0000000715580000)
  object space 5592576K, 57% used [0x00000005c0000000,0x0000000682b6a1b8,0x0000000715580000)
 Metaspace       used 4468K, capacity 4704K, committed 4992K, reserved 1056768K
  class space    used 480K, capacity 528K, committed 640K, reserved 1048576K
Event: 140.760 GC heap after
Heap after GC invocations=71 (full 25):
 PSYoungGen      total 2727424K, used 46317K [0x0000000715580000, 0x00000007c0000000, 0x00000007c0000000)
  eden space 2680832K, 0% used [0x0000000715580000,0x0000000715580000,0x00000007b8f80000)
  from space 46592K, 99% used [0x00000007b8f80000,0x00000007bbcbb570,0x00000007bbd00000)
  to   space 62464K, 0% used [0x00000007bc300000,0x00000007bc300000,0x00000007c0000000)
 ParOldGen       total 5592576K, used 3190184K [0x00000005c0000000, 0x0000000715580000, 0x0000000715580000)
  object space 5592576K, 57% used [0x00000005c0000000,0x0000000682b6a1b8,0x0000000715580000)
 Metaspace       used 4468K, capacity 4704K, committed 4992K, reserved 1056768K
  class space    used 480K, capacity 528K, committed 640K, reserved 1048576K
}

Deoptimization events (6 events):
Event: 85.703 Thread 0x00000205e9f98000 Uncommon trap: reason=unstable_if action=reinterpret pc=0x00000205c51fa454 method=java.util.concurrent.locks.AbstractQueuedSynchronizer.acquire(I)V @ 5
Event: 138.143 Thread 0x00000205e9f80800 Uncommon trap: reason=unstable_if action=reinterpret pc=0x00000205c521e234 method=java.util.concurrent.locks.AbstractQueuedSynchronizer$ConditionObject.doSignal(Ljava/util/concurrent/locks/AbstractQueuedSynchronizer$Node;)V @ 9
Event: 138.143 Thread 0x00000205e9fb9000 Uncommon trap: reason=unstable_if action=reinterpret pc=0x00000205c5211c58 method=java.util.concurrent.locks.AbstractQueuedSynchronizer$ConditionObject.addConditionWaiter()Ljava/util/concurrent/locks/AbstractQueuedSynchronizer$Node; @ 6
Event: 138.143 Thread 0x00000205e9f99000 Uncommon trap: reason=unstable_if action=reinterpret pc=0x00000205c521e10c method=java.util.concurrent.locks.AbstractQueuedSynchronizer$ConditionObject.doSignal(Ljava/util/concurrent/locks/AbstractQueuedSynchronizer$Node;)V @ 9
Event: 138.143 Thread 0x00000205e9f80800 Uncommon trap: reason=unstable_if action=reinterpret pc=0x00000205c51f9f38 method=java.util.concurrent.locks.AbstractQueuedSynchronizer$ConditionObject.doSignal(Ljava/util/concurrent/locks/AbstractQueuedSynchronizer$Node;)V @ 9
Event: 142.457 Thread 0x00000205e9f98000 Uncommon trap: reason=unstable_if action=reinterpret pc=0x00000205c52055fc method=java.io.BufferedOutputStream.write([BII)V @ 6

Classes redefined (0 events):
No events

Internal exceptions (10 events):
Event: 142.378 Thread 0x00000205e9f98000 Exception <a 'java/io/IOException'> (0x0000000718505480) thrown at [C:\wsjdk\Corretto8Src\installers\windows\zip\corretto-build\buildRoot\hotspot\src\share\vm\prims\jni.cpp, line 709]
Event: 142.379 Thread 0x00000205e9f98000 Exception <a 'java/io/IOException'> (0x000000071850c820) thrown at [C:\wsjdk\Corretto8Src\installers\windows\zip\corretto-build\buildRoot\hotspot\src\share\vm\prims\jni.cpp, line 709]
Event: 142.452 Thread 0x00000205e9f98000 Exception <a 'java/io/IOException'> (0x0000000718515d70) thrown at [C:\wsjdk\Corretto8Src\installers\windows\zip\corretto-build\buildRoot\hotspot\src\share\vm\prims\jni.cpp, line 709]
Event: 142.452 Thread 0x00000205e9f98000 Exception <a 'java/io/IOException'> (0x000000071851d110) thrown at [C:\wsjdk\Corretto8Src\installers\windows\zip\corretto-build\buildRoot\hotspot\src\share\vm\prims\jni.cpp, line 709]
Event: 142.453 Thread 0x00000205e9f98000 Exception <a 'java/io/IOException'> (0x00000007185244b0) thrown at [C:\wsjdk\Corretto8Src\installers\windows\zip\corretto-build\buildRoot\hotspot\src\share\vm\prims\jni.cpp, line 709]
Event: 142.454 Thread 0x00000205e9f98000 Exception <a 'java/io/IOException'> (0x000000071852b850) thrown at [C:\wsjdk\Corretto8Src\installers\windows\zip\corretto-build\buildRoot\hotspot\src\share\vm\prims\jni.cpp, line 709]
Event: 142.455 Thread 0x00000205e9f98000 Exception <a 'java/io/IOException'> (0x0000000718532bf0) thrown at [C:\wsjdk\Corretto8Src\installers\windows\zip\corretto-build\buildRoot\hotspot\src\share\vm\prims\jni.cpp, line 709]
Event: 142.456 Thread 0x00000205e9f98000 Exception <a 'java/io/IOException'> (0x0000000718539f90) thrown at [C:\wsjdk\Corretto8Src\installers\windows\zip\corretto-build\buildRoot\hotspot\src\share\vm\prims\jni.cpp, line 709]
Event: 142.457 Thread 0x00000205e9f98000 Exception <a 'java/io/IOException'> (0x0000000718541330) thrown at [C:\wsjdk\Corretto8Src\installers\windows\zip\corretto-build\buildRoot\hotspot\src\share\vm\prims\jni.cpp, line 709]
Event: 142.457 Thread 0x00000205e9f98000 Exception <a 'java/io/FileNotFoundException'> (0x0000000718548650) thrown at [C:\wsjdk\Corretto8Src\installers\windows\zip\corretto-build\buildRoot\hotspot\src\share\vm\prims\jni.cpp, line 709]

Events (10 events):
Event: 142.361 loading class java/lang/Throwable$WrappedPrintStream
Event: 142.363 loading class java/lang/Throwable$PrintStreamOrWriter
Event: 142.363 loading class java/lang/Throwable$PrintStreamOrWriter done
Event: 142.363 loading class java/lang/Throwable$WrappedPrintStream done
Event: 142.363 loading class java/util/IdentityHashMap
Event: 142.365 loading class java/util/IdentityHashMap done
Event: 142.365 loading class java/util/IdentityHashMap$KeySet
Event: 142.367 loading class java/util/IdentityHashMap$KeySet done
Event: 142.457 Thread 0x00000205e9f98000 Uncommon trap: trap_request=0xffffff65 fr.pc=0x00000205c52055fc
Event: 142.457 Thread 0x00000205e9f98000 DEOPT PACKING pc=0x00000205c52055fc sp=0x0000001d860feb50


Dynamic libraries:
0x00007ff7f5410000 - 0x00007ff7f544a000 	C:\Users\Administrator\.jdks\corretto-1.8.0_362\bin\java.exe
0x00007ff9b8cf0000 - 0x00007ff9b8ee8000 	C:\Windows\SYSTEM32\ntdll.dll
0x00007ff9b8690000 - 0x00007ff9b874d000 	C:\Windows\System32\KERNEL32.DLL
0x00007ff9b63e0000 - 0x00007ff9b66d6000 	C:\Windows\System32\KERNELBASE.dll
0x00007ff9b6f40000 - 0x00007ff9b6ff3000 	C:\Windows\System32\ADVAPI32.dll
0x00007ff9b7460000 - 0x00007ff9b74fe000 	C:\Windows\System32\msvcrt.dll
0x00007ff9b7ab0000 - 0x00007ff9b7b4f000 	C:\Windows\System32\sechost.dll
0x00007ff9b8770000 - 0x00007ff9b8896000 	C:\Windows\System32\RPCRT4.dll
0x00007ff9b6130000 - 0x00007ff9b6157000 	C:\Windows\System32\bcrypt.dll
0x00007ff9b8990000 - 0x00007ff9b8b2e000 	C:\Windows\System32\USER32.dll
0x00007ff9b6860000 - 0x00007ff9b6882000 	C:\Windows\System32\win32u.dll
0x00007ff9b6eb0000 - 0x00007ff9b6edc000 	C:\Windows\System32\GDI32.dll
0x00007ff9b6160000 - 0x00007ff9b627a000 	C:\Windows\System32\gdi32full.dll
0x00007ff9b6ae0000 - 0x00007ff9b6b7d000 	C:\Windows\System32\msvcp_win.dll
0x00007ff9b66e0000 - 0x00007ff9b67e0000 	C:\Windows\System32\ucrtbase.dll
0x00007ff9b5470000 - 0x00007ff9b570a000 	C:\Windows\WinSxS\amd64_microsoft.windows.common-controls_6595b64144ccf1df_6.0.19041.3636_none_60b6a03d71f818d5\COMCTL32.dll
0x00007ff9b8960000 - 0x00007ff9b8990000 	C:\Windows\System32\IMM32.DLL
0x00007ff985430000 - 0x00007ff98551f000 	C:\Users\Administrator\.jdks\corretto-1.8.0_362\jre\bin\msvcr120.dll
0x00007ff9884d0000 - 0x00007ff988576000 	C:\Users\Administrator\.jdks\corretto-1.8.0_362\jre\bin\msvcp120.dll
0x000000006c710000 - 0x000000006cf85000 	C:\Users\Administrator\.jdks\corretto-1.8.0_362\jre\bin\server\jvm.dll
0x00007ff9b8590000 - 0x00007ff9b8598000 	C:\Windows\System32\PSAPI.DLL
0x00007ff9b1010000 - 0x00007ff9b1019000 	C:\Windows\SYSTEM32\WSOCK32.dll
0x00007ff9a2c60000 - 0x00007ff9a2c87000 	C:\Windows\SYSTEM32\WINMM.dll
0x00007ff9b7bd0000 - 0x00007ff9b7c3b000 	C:\Windows\System32\WS2_32.dll
0x00007ff9af1e0000 - 0x00007ff9af1ea000 	C:\Windows\SYSTEM32\VERSION.dll
0x00007ff9b13e0000 - 0x00007ff9b13ef000 	C:\Users\Administrator\.jdks\corretto-1.8.0_362\jre\bin\verify.dll
0x00007ff99ffb0000 - 0x00007ff99ffd9000 	C:\Users\Administrator\.jdks\corretto-1.8.0_362\jre\bin\java.dll
0x00007ff99fe40000 - 0x00007ff99fe6a000 	C:\Users\Administrator\.jdks\corretto-1.8.0_362\jre\bin\instrument.dll
0x00007ff9b13c0000 - 0x00007ff9b13d6000 	C:\Users\Administrator\.jdks\corretto-1.8.0_362\jre\bin\zip.dll
0x00007ff9b7cf0000 - 0x00007ff9b8435000 	C:\Windows\System32\SHELL32.dll
0x00007ff9b3be0000 - 0x00007ff9b437b000 	C:\Windows\SYSTEM32\windows.storage.dll
0x00007ff9b7000000 - 0x00007ff9b7354000 	C:\Windows\System32\combase.dll
0x00007ff9b53d0000 - 0x00007ff9b53fd000 	C:\Windows\SYSTEM32\Wldp.dll
0x00007ff9b7c40000 - 0x00007ff9b7ced000 	C:\Windows\System32\SHCORE.dll
0x00007ff9b6ee0000 - 0x00007ff9b6f35000 	C:\Windows\System32\shlwapi.dll
0x00007ff9b5f80000 - 0x00007ff9b5fa5000 	C:\Windows\SYSTEM32\profapi.dll
0x00007ff99beb0000 - 0x00007ff99beca000 	E:\IDEA\IntelliJIDEA2021.1.1\bin\breakgen64.dll
0x00007ff99b2a0000 - 0x00007ff99b2ba000 	C:\Users\Administrator\.jdks\corretto-1.8.0_362\jre\bin\net.dll
0x00007ff9b52d0000 - 0x00007ff9b533a000 	C:\Windows\system32\mswsock.dll

VM Arguments:
jvm_args: -Xmx8g -javaagent:E:\IDEA\IntelliJIDEA2021.1.1\lib\idea_rt.jar=51111:E:\IDEA\IntelliJIDEA2021.1.1\bin -Dfile.encoding=UTF-8 
java_command: com.mikkku.launcher.Launcher
java_class_path (initial): C:\Users\Administrator\.jdks\corretto-1.8.0_362\jre\lib\charsets.jar;C:\Users\Administrator\.jdks\corretto-1.8.0_362\jre\lib\ext\access-bridge-64.jar;C:\Users\Administrator\.jdks\corretto-1.8.0_362\jre\lib\ext\cldrdata.jar;C:\Users\Administrator\.jdks\corretto-1.8.0_362\jre\lib\ext\dnsns.jar;C:\Users\Administrator\.jdks\corretto-1.8.0_362\jre\lib\ext\jaccess.jar;C:\Users\Administrator\.jdks\corretto-1.8.0_362\jre\lib\ext\jfxrt.jar;C:\Users\Administrator\.jdks\corretto-1.8.0_362\jre\lib\ext\localedata.jar;C:\Users\Administrator\.jdks\corretto-1.8.0_362\jre\lib\ext\nashorn.jar;C:\Users\Administrator\.jdks\corretto-1.8.0_362\jre\lib\ext\sunec.jar;C:\Users\Administrator\.jdks\corretto-1.8.0_362\jre\lib\ext\sunjce_provider.jar;C:\Users\Administrator\.jdks\corretto-1.8.0_362\jre\lib\ext\sunmscapi.jar;C:\Users\Administrator\.jdks\corretto-1.8.0_362\jre\lib\ext\sunpkcs11.jar;C:\Users\Administrator\.jdks\corretto-1.8.0_362\jre\lib\ext\zipfs.jar;C:\Users\Administrator\.jdks\corretto-1.8.0_362\jre\lib\jce.jar;C:\Users\Administrator\.jdks\corretto-1.8.0_362\jre\lib\jfr.jar;C:\Users\Administrator\.jdks\corretto-1.8.0_362\jre\lib\jfxswt.jar;C:\Users\Administrator\.jdks\corretto-1.8.0_362\jre\lib\jsse.jar;C:\Users\Administrator\.jdks\corretto-1.8.0_362\jre\lib\management-agent.jar;C:\Users\Administrator\.jdks\corretto-1.8.0_362\jre\lib\resources.jar;C:\Users\Administrator\.jdks\corretto-1.8.0_362\jre\lib\rt.jar;C:\Users\Administrator\Desktop\FileUtils\out\production\FileUtils;E:\IDEA\IntelliJIDEA2021.1.1\lib\idea_rt.jar
Launcher Type: SUN_STANDARD

Environment Variables:
JAVA_HOME=E:\Java
PATH=E:\Java\bin;C:\Windows\system32;C:\Windows;C:\Windows\System32\Wbem;C:\Windows\System32\WindowsPowerShell\v1.0\;C:\Windows\System32\OpenSSH\;E:\mysql-5.7.24-winx64\bin;E:\apache-maven-3.6.1\bin;C:\Program Files\Git\cmd;C:\Program Files (x86)\NVIDIA Corporation\PhysX\Common;C:\Program Files\NVIDIA Corporation\NVIDIA NvDLISR;C:\Program Files\Cloudflare\Cloudflare WARP\;C:\Program Files (x86)\Windows Kits\10\Windows Performance Toolkit\;C:\Program Files\Microsoft Visual Studio\2022\Community\VC\Tools\MSVC\14.37.32822\bin\Hostx64\x64;C:\Users\Administrator\Desktop\mingw64\bin;C:\Users\Administrator\AppData\Local\Microsoft\WindowsApps;
USERNAME=Administrator
OS=Windows_NT
PROCESSOR_IDENTIFIER=Intel64 Family 6 Model 165 Stepping 3, GenuineIntel



---------------  S Y S T E M  ---------------

OS: Windows 10 , 64 bit Build 19041 (10.0.19041.3636)

CPU:total 12 (initial active 12) (6 cores per cpu, 2 threads per core) family 6 model 165 stepping 3, cmov, cx8, fxsr, mmx, sse, sse2, sse3, ssse3, sse4.1, sse4.2, popcnt, avx, avx2, aes, clmul, erms, 3dnowpref, lzcnt, ht, tsc, tscinvbit, bmi1, bmi2, adx

Memory: 4k page, physical 16591084k(1344708k free), swap 17751032k(0k free)

vm_info: OpenJDK 64-Bit Server VM (25.362-b08) for windows-amd64 JRE (1.8.0_362-b08), built on Jan 13 2023 13:30:12 by "Administrator" with MS VC++ 12.0 (VS2013)

time: Thu Jan 18 14:23:48 2024
timezone: 中国标准时间
elapsed time: 142.537251 seconds (0d 0h 2m 22s)

